<?xml version="1.0" encoding="utf-8"?><testsuites name="pytest tests"><testsuite name="pytest" errors="0" failures="0" skipped="0" tests="20" time="166.560" timestamp="2026-05-19T02:41:10.832629+00:00" hostname="agent-env-75cf7e98-e823-4831-9662-48dc42e6ec9b"><testcase classname="backend.tests.test_featured_cards" name="test_set_and_get_featured_cards_roundtrip" time="34.406" /><testcase classname="backend.tests.test_featured_cards" name="test_clearing_featured_cards" time="15.743" /><testcase classname="backend.tests.test_featured_cards" name="test_caps_at_five_slots" time="16.048" /><testcase classname="backend.tests.test_featured_cards" name="test_filters_out_unowned_card_ids" time="15.949" /><testcase classname="backend.tests.test_featured_cards" name="test_404_on_unknown_user" time="0.212" /><testcase classname="backend.tests.test_featured_cards_extended.TestFreshUserFeaturedCards" name="test_register_then_user_has_empty_featured_field" time="0.743" /><testcase classname="backend.tests.test_featured_cards_extended.TestFreshUserFeaturedCards" name="test_fresh_user_with_no_cards_filters_everything" time="1.136" /><testcase classname="backend.tests.test_featured_cards_extended.TestFreshUserFeaturedCards" name="test_fresh_user_clear_empty_list_idempotent" time="1.079" /><testcase classname="backend.tests.test_featured_cards_extended.TestEdgeCasesOnSeededUser" name="test_very_long_card_ids_list_capped_at_five" time="15.707" /><testcase classname="backend.tests.test_featured_cards_extended.TestEdgeCasesOnSeededUser" name="test_special_character_card_ids_are_filtered_safely" time="15.861" /><testcase classname="backend.tests.test_featured_cards_extended.TestEdgeCasesOnSeededUser" name="test_user_get_serializes_with_featured_field_after_set" time="15.985" /><testcase classname="backend.tests.test_featured_cards_extended.TestEdgeCasesOnSeededUser" name="test_dedupe_preserves_first_occurrence_order" time="15.628" /><testcase classname="backend.tests.test_featured_cards_extended.TestUserModelRegression" name="test_get_user_still_works" time="0.273" /><testcase classname="backend.tests.test_featured_cards_extended.TestUserModelRegression" name="test_register_and_login_roundtrip" time="0.906" /><testcase classname="backend.tests.test_featured_cards_extended.TestUserModelRegression" name="test_ranks_endpoint" time="0.258" /><testcase classname="backend.tests.test_featured_cards_extended.TestUserModelRegression" name="test_user_badges_endpoint" time="0.809" /><testcase classname="backend.tests.test_featured_cards_extended.TestUserModelRegression" name="test_user_cards_endpoint_still_returns_owned" time="15.138" /><testcase classname="backend.tests.test_featured_cards_extended.TestErrorPaths" name="test_404_on_unknown_user" time="0.288" /><testcase classname="backend.tests.test_featured_cards_extended.TestErrorPaths" name="test_missing_card_ids_field_is_422" time="0.142" /><testcase classname="backend.tests.test_featured_cards_extended.TestErrorPaths" name="test_non_list_card_ids_is_422" time="0.144" /></testsuite></testsuites>